2023-07-18 21:24:33 0 [Note] Starting MariaDB 10.4.28-MariaDB source revision c8f2e9a5c0ac5905f28b050b7df5a9ffd914b7e7 as process 10940
2023-07-18 21:24:33 0 [Note] InnoDB: Mutexes and rw_locks use Windows interlocked functions
2023-07-18 21:24:33 0 [Note] InnoDB: Uses event mutexes
2023-07-18 21:24:33 0 [Note] InnoDB: Compressed tables use zlib 1.2.12
2023-07-18 21:24:33 0 [Note] InnoDB: Number of pools: 1
2023-07-18 21:24:33 0 [Note] InnoDB: Using SSE2 crc32 instructions
2023-07-18 21:24:33 0 [Note] InnoDB: Initializing buffer pool, total size = 16M, instances = 1, chunk size = 16M
2023-07-18 21:24:33 0 [Note] InnoDB: Completed initialization of buffer pool
2023-07-18 21:24:33 0 [Note] InnoDB: Starting crash recovery from checkpoint LSN=300288
2023-07-18 21:24:34 0 [Note] InnoDB: 128 out of 128 rollback segments are active.
2023-07-18 21:24:34 0 [Note] InnoDB: Removed temporary tablespace data file: "ibtmp1"
2023-07-18 21:24:34 0 [Note] InnoDB: Creating shared tablespace for temporary tables
2023-07-18 21:24:34 0 [Note] InnoDB: Setting file 'C:\xampp\mysql\data\ibtmp1' size to 12 MB. Physically writing the file full; Please wait ...
2023-07-18 21:24:34 0 [Note] InnoDB: File 'C:\xampp\mysql\data\ibtmp1' size is now 12 MB.
2023-07-18 21:24:34 0 [Note] InnoDB: Waiting for purge to start
2023-07-18 21:24:34 0 [Note] InnoDB: 10.4.28 started; log sequence number 300297; transaction id 170
2023-07-18 21:24:34 0 [Note] InnoDB: Loading buffer pool(s) from C:\xampp\mysql\data\ib_buffer_pool
2023-07-18 21:24:34 0 [Note] Plugin 'FEEDBACK' is disabled.
2023-07-18 21:24:34 0 [Note] Server socket created on IP: '::'.
2023-07-18 21:38:07 0 [Note] Starting MariaDB 10.4.28-MariaDB source revision c8f2e9a5c0ac5905f28b050b7df5a9ffd914b7e7 as process 13260
2023-07-18 21:38:07 0 [Note] InnoDB: Mutexes and rw_locks use Windows interlocked functions
2023-07-18 21:38:07 0 [Note] InnoDB: Uses event mutexes
2023-07-18 21:38:07 0 [Note] InnoDB: Compressed tables use zlib 1.2.12
2023-07-18 21:38:07 0 [Note] InnoDB: Number of pools: 1
2023-07-18 21:38:07 0 [Note] InnoDB: Using SSE2 crc32 instructions
2023-07-18 21:38:07 0 [Note] InnoDB: Initializing buffer pool, total size = 16M, instances = 1, chunk size = 16M
2023-07-18 21:38:07 0 [Note] InnoDB: Completed initialization of buffer pool
2023-07-18 21:38:07 0 [Note] InnoDB: Starting crash recovery from checkpoint LSN=304590
2023-07-18 21:38:07 0 [Note] InnoDB: 128 out of 128 rollback segments are active.
2023-07-18 21:38:07 0 [Note] InnoDB: Removed temporary tablespace data file: "ibtmp1"
2023-07-18 21:38:07 0 [Note] InnoDB: Creating shared tablespace for temporary tables
2023-07-18 21:38:07 0 [Note] InnoDB: Setting file 'C:\xampp\mysql\data\ibtmp1' size to 12 MB. Physically writing the file full; Please wait ...
2023-07-18 21:38:07 0 [Note] InnoDB: File 'C:\xampp\mysql\data\ibtmp1' size is now 12 MB.
2023-07-18 21:38:07 0 [Note] InnoDB: Waiting for purge to start
2023-07-18 21:38:07 0 [Note] InnoDB: 10.4.28 started; log sequence number 304599; transaction id 197
2023-07-18 21:38:07 0 [Note] InnoDB: Loading buffer pool(s) from C:\xampp\mysql\data\ib_buffer_pool
2023-07-18 21:38:07 0 [Note] Plugin 'FEEDBACK' is disabled.
2023-07-18 21:38:07 0 [Note] Server socket created on IP: '::'.
2023-07-19  1:08:32 0 [Note] Starting MariaDB 10.4.28-MariaDB source revision c8f2e9a5c0ac5905f28b050b7df5a9ffd914b7e7 as process 17560
2023-07-19  1:08:32 0 [Note] InnoDB: Mutexes and rw_locks use Windows interlocked functions
2023-07-19  1:08:32 0 [Note] InnoDB: Uses event mutexes
2023-07-19  1:08:32 0 [Note] InnoDB: Compressed tables use zlib 1.2.12
2023-07-19  1:08:32 0 [Note] InnoDB: Number of pools: 1
2023-07-19  1:08:32 0 [Note] InnoDB: Using SSE2 crc32 instructions
2023-07-19  1:08:32 0 [Note] InnoDB: Initializing buffer pool, total size = 16M, instances = 1, chunk size = 16M
2023-07-19  1:08:32 0 [Note] InnoDB: Completed initialization of buffer pool
2023-07-19  1:08:32 0 [Note] InnoDB: Starting crash recovery from checkpoint LSN=467858
2023-07-19  1:08:32 0 [Note] InnoDB: 128 out of 128 rollback segments are active.
2023-07-19  1:08:32 0 [Note] InnoDB: Removed temporary tablespace data file: "ibtmp1"
2023-07-19  1:08:32 0 [Note] InnoDB: Creating shared tablespace for temporary tables
2023-07-19  1:08:32 0 [Note] InnoDB: Setting file 'C:\xampp\mysql\data\ibtmp1' size to 12 MB. Physically writing the file full; Please wait ...
2023-07-19  1:08:32 0 [Note] InnoDB: File 'C:\xampp\mysql\data\ibtmp1' size is now 12 MB.
2023-07-19  1:08:32 0 [Note] InnoDB: Waiting for purge to start
2023-07-19  1:08:32 0 [Note] InnoDB: 10.4.28 started; log sequence number 467867; transaction id 687
2023-07-19  1:08:32 0 [Note] InnoDB: Loading buffer pool(s) from C:\xampp\mysql\data\ib_buffer_pool
2023-07-19  1:08:32 0 [Note] Plugin 'FEEDBACK' is disabled.
2023-07-19  1:08:32 0 [Note] InnoDB: Buffer pool(s) load completed at 230719  1:08:32
2023-07-19  1:08:32 0 [Note] Server socket created on IP: '::'.
2023-07-19  8:23:56 0 [Note] Starting MariaDB 10.4.28-MariaDB source revision c8f2e9a5c0ac5905f28b050b7df5a9ffd914b7e7 as process 6884
2023-07-19  8:23:56 0 [Note] mysqld.exe: Aria engine: starting recovery
recovered pages: 0% 100% (0.0 seconds); 
2023-07-19  8:23:56 0 [Note] mysqld.exe: Aria engine: recovery done
2023-07-19  8:23:56 0 [Note] InnoDB: Mutexes and rw_locks use Windows interlocked functions
2023-07-19  8:23:56 0 [Note] InnoDB: Uses event mutexes
2023-07-19  8:23:56 0 [Note] InnoDB: Compressed tables use zlib 1.2.12
2023-07-19  8:23:56 0 [Note] InnoDB: Number of pools: 1
2023-07-19  8:23:56 0 [Note] InnoDB: Using SSE2 crc32 instructions
2023-07-19  8:23:56 0 [Note] InnoDB: Initializing buffer pool, total size = 16M, instances = 1, chunk size = 16M
2023-07-19  8:23:56 0 [Note] InnoDB: Completed initialization of buffer pool
2023-07-19  8:23:56 0 [Note] InnoDB: Starting crash recovery from checkpoint LSN=474666
2023-07-19  8:23:56 0 [Note] InnoDB: 128 out of 128 rollback segments are active.
2023-07-19  8:23:56 0 [Note] InnoDB: Removed temporary tablespace data file: "ibtmp1"
2023-07-19  8:23:56 0 [Note] InnoDB: Creating shared tablespace for temporary tables
2023-07-19  8:23:56 0 [Note] InnoDB: Setting file 'C:\xampp\mysql\data\ibtmp1' size to 12 MB. Physically writing the file full; Please wait ...
2023-07-19  8:23:56 0 [Note] InnoDB: File 'C:\xampp\mysql\data\ibtmp1' size is now 12 MB.
2023-07-19  8:23:56 0 [Note] InnoDB: Waiting for purge to start
2023-07-19  8:23:56 0 [Note] InnoDB: 10.4.28 started; log sequence number 474675; transaction id 740
2023-07-19  8:23:56 0 [Note] InnoDB: Loading buffer pool(s) from C:\xampp\mysql\data\ib_buffer_pool
2023-07-19  8:23:56 0 [Note] Plugin 'FEEDBACK' is disabled.
2023-07-19  8:23:56 0 [Note] Server socket created on IP: '::'.
2023-07-19 14:25:00 0 [Note] Starting MariaDB 10.4.28-MariaDB source revision c8f2e9a5c0ac5905f28b050b7df5a9ffd914b7e7 as process 2436
2023-07-19 14:25:00 0 [Note] InnoDB: Mutexes and rw_locks use Windows interlocked functions
2023-07-19 14:25:00 0 [Note] InnoDB: Uses event mutexes
2023-07-19 14:25:00 0 [Note] InnoDB: Compressed tables use zlib 1.2.12
2023-07-19 14:25:00 0 [Note] InnoDB: Number of pools: 1
2023-07-19 14:25:00 0 [Note] InnoDB: Using SSE2 crc32 instructions
2023-07-19 14:25:00 0 [Note] InnoDB: Initializing buffer pool, total size = 16M, instances = 1, chunk size = 16M
2023-07-19 14:25:00 0 [Note] InnoDB: Completed initialization of buffer pool
2023-07-19 14:25:00 0 [Note] InnoDB: Starting crash recovery from checkpoint LSN=599601
2023-07-19 14:25:00 0 [Note] InnoDB: 128 out of 128 rollback segments are active.
2023-07-19 14:25:00 0 [Note] InnoDB: Removed temporary tablespace data file: "ibtmp1"
2023-07-19 14:25:00 0 [Note] InnoDB: Creating shared tablespace for temporary tables
2023-07-19 14:25:00 0 [Note] InnoDB: Setting file 'C:\xampp\mysql\data\ibtmp1' size to 12 MB. Physically writing the file full; Please wait ...
2023-07-19 14:25:00 0 [Note] InnoDB: File 'C:\xampp\mysql\data\ibtmp1' size is now 12 MB.
2023-07-19 14:25:00 0 [Note] InnoDB: Waiting for purge to start
2023-07-19 14:25:00 0 [Note] InnoDB: 10.4.28 started; log sequence number 599610; transaction id 1482
2023-07-19 14:25:00 0 [Note] InnoDB: Loading buffer pool(s) from C:\xampp\mysql\data\ib_buffer_pool
2023-07-19 14:25:00 0 [Note] Plugin 'FEEDBACK' is disabled.
2023-07-19 14:25:00 0 [Note] Server socket created on IP: '::'.
2023-07-19 19:19:40 0 [Note] Starting MariaDB 10.4.28-MariaDB source revision c8f2e9a5c0ac5905f28b050b7df5a9ffd914b7e7 as process 19620
2023-07-19 19:19:40 0 [Note] InnoDB: Mutexes and rw_locks use Windows interlocked functions
2023-07-19 19:19:40 0 [Note] InnoDB: Uses event mutexes
2023-07-19 19:19:40 0 [Note] InnoDB: Compressed tables use zlib 1.2.12
2023-07-19 19:19:40 0 [Note] InnoDB: Number of pools: 1
2023-07-19 19:19:40 0 [Note] InnoDB: Using SSE2 crc32 instructions
2023-07-19 19:19:40 0 [Note] InnoDB: Initializing buffer pool, total size = 16M, instances = 1, chunk size = 16M
2023-07-19 19:19:40 0 [Note] InnoDB: Completed initialization of buffer pool
2023-07-19 19:19:40 0 [Note] InnoDB: Starting crash recovery from checkpoint LSN=887011
2023-07-19 19:19:40 0 [Note] InnoDB: 128 out of 128 rollback segments are active.
2023-07-19 19:19:40 0 [Note] InnoDB: Removed temporary tablespace data file: "ibtmp1"
2023-07-19 19:19:40 0 [Note] InnoDB: Creating shared tablespace for temporary tables
2023-07-19 19:19:40 0 [Note] InnoDB: Setting file 'C:\xampp\mysql\data\ibtmp1' size to 12 MB. Physically writing the file full; Please wait ...
2023-07-19 19:19:40 0 [Note] InnoDB: File 'C:\xampp\mysql\data\ibtmp1' size is now 12 MB.
2023-07-19 19:19:40 0 [Note] InnoDB: Waiting for purge to start
2023-07-19 19:19:41 0 [Note] InnoDB: 10.4.28 started; log sequence number 887020; transaction id 2717
2023-07-19 19:19:41 0 [Note] InnoDB: Loading buffer pool(s) from C:\xampp\mysql\data\ib_buffer_pool
2023-07-19 19:19:41 0 [Note] Plugin 'FEEDBACK' is disabled.
2023-07-19 19:19:41 0 [Note] Server socket created on IP: '::'.
2023-07-19 19:19:53 0 [Note] Starting MariaDB 10.4.28-MariaDB source revision c8f2e9a5c0ac5905f28b050b7df5a9ffd914b7e7 as process 5772
2023-07-19 19:19:53 0 [Note] InnoDB: Mutexes and rw_locks use Windows interlocked functions
2023-07-19 19:19:53 0 [Note] InnoDB: Uses event mutexes
2023-07-19 19:19:53 0 [Note] InnoDB: Compressed tables use zlib 1.2.12
2023-07-19 19:19:53 0 [Note] InnoDB: Number of pools: 1
2023-07-19 19:19:53 0 [Note] InnoDB: Using SSE2 crc32 instructions
2023-07-19 19:19:53 0 [Note] InnoDB: Initializing buffer pool, total size = 16M, instances = 1, chunk size = 16M
2023-07-19 19:19:53 0 [Note] InnoDB: Completed initialization of buffer pool
2023-07-19 19:19:53 0 [Note] InnoDB: Starting crash recovery from checkpoint LSN=887011
2023-07-19 19:19:53 0 [Note] InnoDB: 128 out of 128 rollback segments are active.
2023-07-19 19:19:53 0 [Note] InnoDB: Removed temporary tablespace data file: "ibtmp1"
2023-07-19 19:19:53 0 [Note] InnoDB: Creating shared tablespace for temporary tables
2023-07-19 19:19:53 0 [Note] InnoDB: Setting file 'C:\xampp\mysql\data\ibtmp1' size to 12 MB. Physically writing the file full; Please wait ...
2023-07-19 19:19:53 0 [Note] InnoDB: File 'C:\xampp\mysql\data\ibtmp1' size is now 12 MB.
2023-07-19 19:19:53 0 [Note] InnoDB: Waiting for purge to start
2023-07-19 19:19:53 0 [Note] InnoDB: 10.4.28 started; log sequence number 887029; transaction id 2717
2023-07-19 19:19:53 0 [Note] InnoDB: Loading buffer pool(s) from C:\xampp\mysql\data\ib_buffer_pool
2023-07-19 19:19:53 0 [Note] Plugin 'FEEDBACK' is disabled.
2023-07-19 19:19:53 0 [Note] Server socket created on IP: '::'.
2023-07-20  9:15:45 0 [Note] Starting MariaDB 10.4.28-MariaDB source revision c8f2e9a5c0ac5905f28b050b7df5a9ffd914b7e7 as process 8156
2023-07-20  9:15:45 0 [Note] InnoDB: Mutexes and rw_locks use Windows interlocked functions
2023-07-20  9:15:45 0 [Note] InnoDB: Uses event mutexes
2023-07-20  9:15:45 0 [Note] InnoDB: Compressed tables use zlib 1.2.12
2023-07-20  9:15:45 0 [Note] InnoDB: Number of pools: 1
2023-07-20  9:15:45 0 [Note] InnoDB: Using SSE2 crc32 instructions
2023-07-20  9:15:45 0 [Note] InnoDB: Initializing buffer pool, total size = 16M, instances = 1, chunk size = 16M
2023-07-20  9:15:45 0 [Note] InnoDB: Completed initialization of buffer pool
2023-07-20  9:15:45 0 [Note] InnoDB: Starting crash recovery from checkpoint LSN=1243178
2023-07-20  9:15:46 0 [Note] InnoDB: 128 out of 128 rollback segments are active.
2023-07-20  9:15:46 0 [Note] InnoDB: Removed temporary tablespace data file: "ibtmp1"
2023-07-20  9:15:46 0 [Note] InnoDB: Creating shared tablespace for temporary tables
2023-07-20  9:15:46 0 [Note] InnoDB: Setting file 'C:\xampp\mysql\data\ibtmp1' size to 12 MB. Physically writing the file full; Please wait ...
2023-07-20  9:15:46 0 [Note] InnoDB: File 'C:\xampp\mysql\data\ibtmp1' size is now 12 MB.
2023-07-20  9:15:46 0 [Note] InnoDB: Waiting for purge to start
2023-07-20  9:15:46 0 [Note] InnoDB: 10.4.28 started; log sequence number 1243187; transaction id 3920
2023-07-20  9:15:46 0 [Note] InnoDB: Loading buffer pool(s) from C:\xampp\mysql\data\ib_buffer_pool
2023-07-20  9:15:46 0 [Note] Plugin 'FEEDBACK' is disabled.
2023-07-20  9:15:46 0 [Note] Server socket created on IP: '::'.
